1 5 3 2 4 

3 2 1 

3 1 5 7 10 2 8 6 9 4 

1 2 3 4 5 6 7 8 9 10 

12 16 19 20 24 28 35 40 43 46 49 52 67 79 80 86 18 68 10 15 78 7 90 63 84 93 94 75 97 45 57 85 36 30 9 89 91 53 31 32 37 27 34 6 58 62 39 41 26 42 25 29 33 82 14 54 87 81 4 8 21 55 50 66 38 59 70 71 88 92 17 22 56 44 47 83 61 74 77 99 48 72 76 100 3 11 1 2 51 65 69 23 95 73 60 96 5 13 64 98 

1 4 8 11 24 25 26 29 31 5 7 6 13 27 28 35 15 18 30 17 19 21 22 23 34 14 16 12 9 2 10 3 32 33 20 36 37 

6 12 14 25 27 28 40 46 50 63 66 77 90 39 95 21 7 61 4 72 32 71 79 16 58 8 59 70 75 47 38 9 68 87 94 35 41 62 55 1 5 33 22 24 37 2 80 30 29 69 84 86 44 51 74 53 18 20 23 54 45 42 17 34 56 31 88 92 65 67 49 57 97 3 76 15 73 89 11 93 26 13 43 81 52 82 83 64 85 10 36 60 19 91 96 78 48 

1 2 3 5 6 4 7 

1 2 3 4 5 6 7 8 9 10 11 12 13 14 15 16 17 18 19 20 21 22 23 24 25 26 27 28 29 30 31 32 

1 2 3 5 6 7 8 9 10 11 12 13 14 15 16 17 18 19 20 21 22 23 24 25 26 27 28 29 30 31 32 33 34 35 36 37 38 39 40 42 43 44 45 46 47 49 50 52 54 55 57 59 60 61 62 64 65 66 67 69 70 53 71 72 73 74 75 76 77 78 79 80 81 82 83 56 84 85 86 87 58 51 48 41 63 68 4 

1 2 3 4 

1 3 5 7 8 11 13 15 19 20 21 22 4 23 25 27 29 30 34 32 35 37 38 39 43 46 48 50 51 53 49 36 9 16 44 17 33 47 56 59 6 60 61 14 26 10 62 63 18 64 65 57 24 40 58 45 52 28 55 42 12 66 31 41 54 2 67 

1 2 3 7 8 9 10 12 13 16 17 18 19 20 21 26 27 28 29 30 31 32 33 34 35 36 37 40 41 44 46 47 48 51 52 53 54 55 57 58 59 60 64 65 66 67 69 70 5 6 11 14 23 56 15 72 73 74 78 79 81 42 43 45 38 25 63 76 68 71 50 4 39 61 62 22 75 77 80 49 24 

4 7 8 9 10 11 13 15 16 17 18 19 22 23 25 26 27 29 30 31 33 34 6 24 32 35 3 28 2 1 21 12 14 5 20 

2 3 4 9 13 15 17 23 24 25 26 28 30 31 32 33 34 35 29 36 5 38 40 44 45 48 49 16 50 51 54 6 55 56 57 58 59 62 63 64 65 66 69 72 73 74 76 77 21 22 41 43 8 14 19 61 7 18 37 39 53 11 42 46 47 60 68 52 71 67 75 27 10 1 78 70 12 79 80 20 81 

2 4 6 7 12 14 18 22 25 30 31 38 44 45 46 49 51 54 55 56 58 59 60 63 64 3 21 35 42 53 8 20 66 68 11 15 16 24 5 27 33 19 65 10 32 34 37 40 47 48 62 61 1 29 41 43 17 52 23 50 28 57 67 9 36 26 13 39 

6 9 11 60 10 71 27 50 26 64 5 62 61 72 19 2 17 30 32 16 45 29 34 46 13 42 47 53 3 20 22 24 31 66 67 25 58 28 37 49 65 14 4 39 51 44 7 18 21 38 55 57 59 15 36 48 54 41 43 52 23 40 56 63 73 33 12 68 69 70 1 35 8 

2 3 1 

1 2 4 6 12 14 17 18 21 22 23 24 25 29 32 34 35 10 16 38 40 41 26 19 37 43 44 45 3 47 48 51 49 28 52 31 13 20 33 50 5 30 11 36 8 39 9 27 42 7 15 46 

2 4 5 6 8 11 14 15 16 17 18 20 21 22 23 24 25 26 28 29 30 31 32 33 34 35 36 37 38 41 44 45 46 47 48 49 50 9 40 43 3 13 42 51 52 1 27 12 39 7 19 10 

1 7 33 58 34 10 15 6 46 65 68 3 70 13 4 14 29 26 35 27 50 19 31 5 56 59 21 23 32 43 47 9 30 17 22 39 60 8 16 49 38 24 37 72 63 69 45 42 71 2 52 51 36 67 73 12 57 62 44 41 55 61 28 48 53 64 40 54 66 25 11 18 20 

3 9 10 16 22 23 24 26 29 34 35 15 43 45 67 42 19 51 70 79 85 32 13 38 64 1 25 28 48 30 7 65 17 14 2 5 57 60 63 41 75 81 84 62 73 46 89 74 6 86 83 88 50 68 36 56 27 52 61 53 18 39 55 44 59 4 54 40 31 66 21 69 71 72 78 49 58 8 76 77 37 80 82 20 11 33 90 87 47 12 

1 5 6 7 8 9 11 3 4 12 15 19 28 36 37 41 44 47 49 51 33 18 29 53 55 21 24 20 31 40 17 32 45 22 25 35 16 52 58 26 27 30 48 57 34 2 39 14 10 54 38 23 50 56 42 46 43 13 

10 17 34 39 45 64 27 66 1 7 9 63 12 35 44 67 43 15 72 14 18 36 48 16 38 22 26 68 65 3 32 55 42 53 6 54 24 46 58 37 21 20 40 11 49 23 8 41 50 60 28 25 51 62 52 29 19 70 56 13 33 57 5 59 74 71 47 61 69 73 4 2 31 75 30 

12 26 27 30 3 35 49 56 68 69 74 24 77 82 89 34 92 93 73 37 16 23 25 44 63 53 78 32 52 91 28 8 13 46 20 4 43 70 62 87 31 61 59 19 81 47 38 41 57 17 39 29 51 36 55 58 22 42 72 76 18 60 94 33 11 14 21 66 5 67 2 80 7 9 65 40 48 75 6 54 79 84 85 90 86 83 1 45 50 88 15 64 71 10 

2 4 6 8 9 10 11 12 13 14 15 19 21 24 26 3 17 27 30 31 32 33 5 7 20 16 18 22 25 28 1 29 34 35 23 

2 4 7 9 11 12 13 14 15 16 17 18 20 22 23 24 25 27 28 31 32 33 34 37 39 43 44 45 46 49 50 51 54 55 57 58 62 63 64 65 66 67 38 8 41 59 69 70 71 72 73 74 75 53 80 81 82 40 19 30 47 76 52 79 42 29 36 61 1 26 6 56 60 77 78 35 83 68 48 5 3 10 21 

1 4 6 8 9 12 15 19 20 21 22 27 29 10 32 33 34 35 36 38 40 42 13 44 46 47 51 52 53 3 18 39 24 16 37 5 23 2 26 25 28 11 17 30 41 43 7 14 45 48 31 49 50 

6 9 13 17 27 2 31 35 38 5 8 1 22 15 26 10 24 11 14 16 18 7 21 20 3 19 30 32 25 28 33 36 37 23 4 12 29 34 

1 2 5 6 7 8 9 10 11 13 14 15 16 17 18 19 20 21 22 23 24 25 26 27 28 29 30 12 31 32 33 34 36 38 39 40 41 4 35 42 37 3 43 

1 2 3 6 7 8 9 10 11 12 13 14 15 16 17 18 19 20 5 21 22 23 24 25 26 4 

3 4 6 7 8 9 2 10 11 12 13 14 15 16 17 5 18 1 

1 2 3 20 28 32 4 30 43 44 48 56 40 16 25 55 26 47 59 49 60 19 5 10 34 24 33 54 64 52 15 12 11 63 23 35 58 67 68 8 13 18 37 38 17 6 21 31 14 22 46 51 9 50 29 27 36 53 7 41 45 57 61 42 62 65 66 39 

1 2 5 12 18 21 23 28 29 34 40 45 49 52 58 59 62 66 67 68 69 70 71 73 74 75 79 80 84 89 90 93 94 4 42 53 60 20 81 82 92 16 15 22 9 19 25 56 32 44 48 61 63 72 33 26 37 38 76 39 64 31 54 87 98 99 88 36 46 47 11 17 96 3 13 43 50 7 51 65 41 95 97 10 14 55 57 78 35 77 83 85 86 91 27 8 30 6 24 

1 2 3 4 5 6 7 8 

2 3 4 5 6 7 8 9 11 12 13 14 15 16 18 19 20 21 22 23 24 1 25 26 27 10 17 28 

1 3 5 10 20 22 26 11 16 6 4 27 28 29 30 35 37 38 7 8 18 2 15 17 13 32 9 12 21 34 39 41 43 44 19 31 23 33 36 42 24 14 25 40 

11 14 3 1 4 6 9 8 7 2 10 12 13 5 

2 5 1 10 15 23 17 8 14 7 4 21 3 24 25 16 18 22 6 19 20 9 11 12 13 

1 3 4 7 8 9 11 13 14 18 19 22 25 28 29 30 32 34 35 36 37 38 39 41 42 44 45 48 49 53 55 61 62 63 64 65 66 68 69 70 71 75 76 80 81 84 86 87 89 90 92 94 96 67 10 21 43 20 60 51 58 82 54 5 23 26 73 27 74 77 88 95 47 2 6 24 46 97 98 91 72 79 17 50 33 40 56 31 59 16 85 93 78 12 99 83 52 57 100 15 

1 2 3 4 5 6 8 9 11 12 13 14 15 16 17 18 19 20 21 22 23 10 24 25 26 27 28 29 30 31 32 33 34 35 36 37 38 39 40 41 42 43 44 7 45 46 47 49 48 

2 3 4 8 11 13 16 20 24 25 26 27 34 35 38 42 43 50 56 58 60 61 66 67 12 23 47 57 64 68 71 1 7 22 15 63 39 74 76 80 81 28 65 31 29 82 83 84 87 30 45 32 36 44 75 89 91 94 95 6 37 40 21 59 49 93 9 46 90 54 77 86 18 55 73 10 52 96 53 85 17 62 79 69 97 19 51 14 78 33 72 88 5 41 48 70 92 

1 4 8 9 10 11 12 13 14 7 15 16 17 18 20 21 22 23 6 19 3 2 24 25 5 27 28 29 30 26 

1 5 7 8 10 15 17 18 19 6 20 22 23 31 35 38 39 40 41 44 46 48 24 49 50 52 54 56 58 59 66 42 55 67 68 70 75 45 64 28 4 12 13 21 26 62 76 16 34 30 36 73 3 61 65 32 53 72 29 33 60 47 57 2 43 37 51 77 63 9 14 27 69 71 25 74 11 

3 6 9 1 2 5 8 7 4 

15 22 3 4 50 21 7 34 53 61 11 51 52 18 12 17 49 29 65 32 6 40 46 38 24 27 10 2 28 1 30 64 20 63 8 55 39 62 25 16 42 44 58 19 36 43 5 14 48 54 59 60 13 33 56 9 47 26 45 57 23 35 41 31 37 

1 2 3 5 6 7 10 11 12 13 4 8 9 14 

1 2 3 5 6 7 8 9 10 11 12 13 14 15 16 17 18 19 20 21 22 23 24 25 26 28 29 30 31 32 33 36 37 38 39 40 41 43 45 47 49 50 52 54 55 56 57 58 59 60 62 63 65 66 67 68 69 70 71 74 76 77 78 79 80 81 48 75 82 83 84 85 86 87 88 89 91 92 94 95 96 97 99 46 51 64 72 4 27 35 44 53 90 61 98 73 34 42 93 

1 3 4 5 6 7 8 10 16 19 20 21 23 25 26 27 28 29 32 33 36 37 39 40 41 42 43 46 47 48 49 50 51 52 56 57 34 58 59 60 61 62 63 64 65 66 67 68 69 72 73 75 76 78 79 81 83 84 85 86 87 88 89 90 91 92 93 94 95 74 96 71 17 18 13 35 38 2 22 54 31 70 82 11 14 97 24 12 45 44 9 15 80 53 77 55 30 

1 2 3 5 6 8 10 11 14 15 19 24 27 28 31 34 35 37 41 44 47 48 49 50 51 52 58 59 60 62 9 65 53 33 13 21 64 12 66 67 69 20 18 25 43 17 42 26 7 36 40 29 46 4 45 56 39 32 63 61 68 57 30 55 54 23 22 16 38 

1 2 3 4 8 11 12 13 16 18 19 20 23 27 28 29 21 15 30 31 32 34 35 38 41 42 43 44 7 45 46 47 48 49 50 6 14 17 22 51 24 37 5 33 36 39 9 40 25 10 26 

8 9 11 19 25 32 33 35 36 42 4 24 26 22 28 41 31 17 39 2 13 16 18 6 7 37 3 10 38 1 21 30 20 27 34 14 29 5 23 40 15 12 43 

1 3 4 7 11 14 16 19 21 6 5 23 24 25 8 10 2 18 28 15 20 12 9 22 17 26 27 13 

1 2 3 4 5 6 7 9 8 10 11 12 13 14 16 17 18 20 21 22 23 24 25 26 19 27 15 28 29 30 31 

1 2 3 4 5 6 7 8 9 10 11 12 13 15 16 17 18 19 20 21 23 24 25 26 27 28 29 14 30 31 32 22 33 

3 9 11 13 14 17 18 21 22 24 25 2 1 32 42 43 44 50 53 23 54 55 62 63 64 6 7 19 45 8 29 16 33 51 60 31 52 61 59 56 15 57 10 28 38 39 48 12 20 34 35 41 30 27 65 49 36 5 58 26 46 47 4 37 40 

2 3 4 5 6 8 10 11 12 14 16 18 19 20 9 22 23 24 25 27 29 31 37 38 39 41 42 43 46 47 48 52 53 55 56 58 59 7 28 51 57 36 60 61 62 30 63 64 65 66 67 69 70 71 74 40 76 78 15 45 44 73 54 75 32 33 35 34 79 81 13 82 17 26 77 80 21 50 49 68 1 72 

2 3 4 5 6 7 8 10 11 12 13 14 16 17 18 20 21 22 23 24 25 26 27 28 29 30 31 34 35 36 38 39 41 42 43 44 46 47 48 49 50 51 52 53 54 56 57 58 59 60 61 62 63 64 1 9 15 32 65 66 40 67 68 19 33 55 37 45 70 69 

2 4 7 9 30 38 40 50 52 53 55 66 72 11 6 46 20 58 44 15 62 74 69 16 12 25 54 8 17 32 18 19 26 36 3 14 51 68 35 29 21 75 47 48 59 39 49 60 67 24 70 56 43 31 63 73 77 28 41 57 65 5 61 76 27 37 64 45 10 34 23 71 33 13 22 1 42 78 79 

1 2 4 5 6 7 8 9 10 11 12 13 14 15 16 17 18 19 20 21 22 23 24 25 26 27 3 

2 5 8 9 11 12 13 14 17 20 23 3 10 4 7 16 1 6 19 22 18 15 21 

1 2 3 4 5 6 7 9 10 11 12 13 14 15 17 18 19 20 21 22 23 24 25 26 27 28 29 30 31 32 33 34 35 36 37 38 39 40 41 42 43 44 45 46 47 48 49 50 8 51 52 53 16 54 

19 24 34 50 60 59 20 25 6 8 45 48 52 39 55 28 11 14 2 21 4 1 26 46 16 38 53 10 18 54 57 23 32 22 40 41 44 31 56 35 47 27 12 33 36 42 9 37 49 30 15 17 13 7 29 43 3 51 58 5 61 

25 37 45 51 14 6 48 61 29 36 26 10 19 30 16 59 17 58 60 62 20 4 21 63 22 5 31 7 41 40 24 39 8 33 55 42 35 18 12 15 32 38 28 54 56 44 46 27 49 47 50 52 34 43 1 9 57 64 23 53 13 2 3 11 

1 2 4 11 23 32 36 37 39 43 45 47 49 55 58 61 63 65 66 70 72 78 79 82 89 44 91 92 3 10 6 5 77 93 9 85 13 14 16 18 26 17 35 7 20 30 15 28 64 84 90 33 8 41 34 48 50 22 25 60 80 96 99 42 83 62 31 94 56 98 46 24 54 52 71 88 67 19 59 68 73 75 86 69 27 29 40 81 12 97 51 87 76 57 21 38 74 95 53 

4 5 31 56 57 12 67 70 63 8 46 6 53 52 41 3 69 10 73 2 21 23 19 20 24 38 22 27 14 34 42 74 75 76 59 13 77 1 33 25 7 39 62 61 68 44 37 36 47 51 29 18 58 55 78 65 40 17 50 15 9 30 45 54 64 16 28 35 43 49 66 32 48 11 26 60 71 72 

1 3 6 7 8 9 12 14 15 18 20 21 22 23 24 25 27 28 29 30 31 32 33 34 35 36 37 38 39 40 19 41 42 43 44 45 46 48 50 51 52 53 54 55 56 57 59 61 62 65 4 47 10 16 67 68 69 70 71 72 75 76 60 77 78 79 80 81 82 64 83 86 87 88 89 90 74 91 84 2 11 5 58 63 92 26 73 17 13 66 85 49 

2 5 3 9 16 4 18 20 29 17 13 32 11 12 15 7 19 24 14 21 28 6 10 22 23 25 26 27 1 30 8 31 33 

2 3 1 6 9 15 17 20 21 23 24 25 26 30 33 34 16 27 37 18 7 29 4 31 19 8 22 36 10 28 5 14 32 12 35 38 11 13 

2 3 4 5 6 7 9 10 11 12 13 15 16 17 18 19 20 21 22 23 24 25 26 27 28 31 33 35 36 37 38 39 40 41 42 43 44 45 47 29 48 50 51 52 53 30 46 32 8 1 54 55 14 56 34 49 

1 3 8 11 4 9 10 12 6 5 2 7 

2 5 7 9 12 15 18 19 22 26 27 28 35 36 41 42 46 48 49 50 55 57 60 37 61 63 4 68 69 74 75 78 16 38 79 80 34 29 31 8 24 14 67 21 17 59 72 47 39 71 52 6 10 11 58 33 1 13 32 53 25 30 43 23 70 73 76 65 62 20 77 3 64 40 51 44 54 45 56 66 81 

1 2 3 4 5 6 7 8 11 12 13 14 15 16 17 18 19 20 21 22 24 10 25 26 27 28 29 30 31 32 33 23 34 35 9 36 37 38 39 40 41 

1 2 3 5 6 8 9 11 13 14 15 17 18 19 22 27 28 31 32 33 34 39 43 44 46 48 49 52 56 58 59 61 65 66 67 69 72 75 77 80 85 87 23 7 62 70 68 12 57 88 89 90 47 83 82 26 91 93 94 95 96 4 29 30 41 51 74 76 50 64 16 97 84 92 10 53 54 45 60 71 24 86 78 20 35 42 73 40 98 63 79 81 21 25 55 37 38 36 

1 8 9 6 13 14 15 21 27 33 50 57 59 60 61 26 7 34 37 47 24 28 20 49 16 11 36 40 19 64 51 22 55 25 31 48 66 67 12 38 35 44 17 46 32 30 23 41 43 45 5 18 62 29 3 52 56 42 54 63 58 53 65 2 10 4 39 

1 8 9 14 4 5 7 3 13 2 10 12 11 6 

2 4 8 16 18 24 30 36 23 47 33 40 5 6 10 32 15 22 49 51 53 12 19 34 41 31 44 26 39 14 42 29 7 52 21 48 11 25 27 3 35 28 38 50 1 9 13 43 46 37 17 45 20 

2 4 3 1 6 8 9 10 12 13 14 15 17 18 19 21 23 25 26 27 28 7 31 32 33 35 38 41 43 45 46 49 50 51 52 54 56 58 60 61 62 63 64 66 67 68 69 70 73 75 76 78 79 80 81 82 83 84 85 86 87 88 89 90 24 91 11 48 5 53 57 22 92 29 34 36 16 39 47 74 77 20 55 40 42 72 93 94 65 95 44 30 59 71 96 37 

6 11 12 13 17 26 29 36 38 1 37 8 16 31 15 30 5 7 9 18 39 33 4 20 21 24 32 23 14 25 40 41 43 19 3 28 35 10 27 2 34 22 42 

1 2 3 4 5 7 8 9 11 12 20 23 24 25 27 28 6 18 21 29 31 32 33 35 37 16 10 13 17 34 38 26 14 22 15 36 19 30 

1 2 7 9 17 21 24 27 28 29 30 31 34 36 38 39 40 41 42 44 47 48 50 51 58 59 60 62 67 69 5 6 3 32 10 11 23 15 33 18 22 45 63 70 8 53 65 26 57 20 12 13 66 37 43 61 14 64 16 46 54 52 56 4 55 25 68 71 35 49 19 

1 2 3 4 8 7 5 14 10 12 15 17 19 16 9 20 6 11 18 21 13 

2 3 6 7 8 13 10 9 14 15 18 21 22 23 24 28 29 30 32 34 42 43 44 47 49 51 52 58 59 60 63 4 66 69 27 76 77 78 80 81 83 84 68 86 88 89 17 19 75 33 90 91 93 94 12 11 40 50 96 73 31 1 74 95 46 41 55 71 61 5 25 48 67 54 26 38 72 65 64 53 85 36 70 62 45 92 35 57 87 82 20 56 79 16 39 37 

4 5 10 11 12 14 2 16 17 18 21 22 6 19 1 23 26 29 31 32 35 3 36 38 24 15 37 30 40 42 43 7 8 9 28 27 20 25 13 33 34 39 41 

2 3 4 5 6 7 8 9 1 10 11 

2 3 4 5 6 1 

1 2 3 4 5 6 7 8 9 10 12 13 14 15 17 18 19 21 22 23 24 27 28 29 30 31 33 34 35 36 37 38 39 40 25 41 42 43 44 45 46 47 48 49 50 51 52 53 54 55 32 56 57 58 59 60 62 63 64 65 66 67 68 70 72 73 74 76 20 77 75 78 79 82 83 84 85 86 26 71 61 11 69 16 80 81 

1 2 3 4 5 6 7 8 9 10 11 12 13 14 15 16 18 19 20 21 22 23 24 25 26 28 29 30 31 32 33 34 17 36 37 38 39 40 41 42 43 44 45 46 47 49 50 51 53 54 55 56 57 58 59 60 61 35 62 63 64 65 67 48 27 66 68 52 

4 5 12 15 16 18 33 35 40 41 42 45 49 3 25 27 30 1 38 54 6 56 58 60 64 13 52 28 46 53 51 9 31 36 37 61 62 20 47 17 8 19 22 21 57 39 7 26 32 34 44 48 50 59 2 24 14 11 29 55 10 23 43 63 

1 2 4 5 6 7 8 9 10 11 12 13 14 15 16 17 19 20 21 22 23 24 25 26 27 28 29 30 31 32 33 35 36 37 38 39 40 41 42 43 44 45 46 48 49 50 51 18 47 52 3 34 

3 7 15 17 21 22 25 27 18 26 2 23 28 29 31 32 24 34 9 13 16 30 6 19 11 14 10 33 1 4 20 8 12 5 

1 8 9 11 12 14 15 19 23 24 28 36 46 49 52 53 17 55 57 58 61 67 68 69 71 73 76 77 78 80 82 83 84 85 86 87 89 90 6 79 22 88 31 91 72 93 98 92 13 16 39 27 66 20 44 50 41 75 70 10 30 3 37 56 62 40 42 33 18 60 63 96 29 35 43 48 2 51 5 21 32 45 54 38 59 64 25 26 4 47 81 74 94 34 95 7 65 97 

1 2 3 4 6 7 8 9 10 11 13 14 15 16 17 18 5 19 20 21 22 23 24 25 26 12 

2 3 5 7 8 9 11 12 13 17 18 19 20 21 22 23 25 26 27 28 29 31 32 33 35 36 38 40 41 42 43 44 47 49 50 51 52 15 53 54 55 56 57 58 24 30 45 1 59 60 61 16 62 63 14 48 39 34 37 6 10 4 64 65 46 

2 6 7 8 12 10 17 18 19 20 22 29 31 35 39 37 36 32 47 48 5 15 25 38 21 44 51 56 57 4 13 16 11 27 34 45 24 54 30 1 26 33 40 52 42 43 41 23 46 28 14 3 50 9 49 53 55 

1 3 7 8 9 6 12 10 15 16 17 19 4 14 18 13 20 21 22 5 23 24 2 26 11 27 25 

1 2 3 4 5 6 7 8 9 10 11 12 13 14 15 16 17 18 19 20 21 22 23 24 25 26 27 28 29 30 31 32 33 34 35 36 37 38 39 40 41 42 43 44 45 46 47 48 49 50 51 52 53 54 55 56 57 58 59 60 61 62 63 64 65 66 67 68 69 70 71 72 73 74 75 76 77 78 79 80 81 82 83 84 85 86 87 88 89 

1 2 3 4 5 6 7 8 9 11 12 13 14 15 17 20 21 23 24 25 26 27 28 30 31 32 34 35 38 42 44 45 46 47 48 50 22 43 51 53 54 55 56 57 18 19 36 33 58 59 60 61 62 63 64 37 29 10 40 16 52 41 49 39 

1 5 6 10 12 13 14 15 20 21 22 23 24 26 7 8 25 4 3 16 11 18 17 9 2 27 19 

1 2 5 6 8 10 11 12 13 14 15 16 17 19 22 26 27 28 29 30 31 33 34 35 37 38 39 40 41 42 43 44 45 47 48 49 50 51 52 54 55 56 58 62 63 64 65 66 67 68 69 71 74 76 77 78 79 80 20 81 82 83 57 84 4 7 36 86 70 87 89 59 3 72 25 9 21 46 60 85 18 23 24 32 61 53 73 75 88 90 

1 9 11 12 13 14 16 17 18 19 20 21 28 32 33 34 36 37 40 43 47 48 50 52 53 54 55 56 59 60 62 63 70 72 73 75 77 79 80 44 81 46 76 24 23 78 7 2 58 30 31 22 69 26 38 39 3 41 42 64 15 5 49 6 68 45 51 57 4 61 27 74 10 35 65 8 67 66 25 29 82 71 

8 13 14 17 18 39 56 64 66 80 84 4 5 23 49 32 63 30 87 21 74 16 44 6 28 81 88 90 72 7 92 95 25 57 71 43 11 40 67 82 33 65 31 37 45 48 59 24 52 75 26 53 22 86 9 50 55 62 54 93 51 12 15 3 60 38 83 73 36 76 85 35 42 69 10 70 2 34 27 46 61 20 78 79 19 68 29 47 41 58 77 89 91 94 1 

1 2 4 6 7 9 11 12 13 14 15 16 17 20 21 23 24 25 26 29 30 32 33 34 35 36 37 38 39 41 42 43 28 40 44 45 46 3 18 10 31 47 48 49 22 50 5 8 19 27 

1 6 7 9 10 18 19 21 23 24 25 26 27 28 31 36 38 40 41 42 44 47 50 56 60 61 58 63 64 68 69 73 76 77 78 81 82 85 87 13 43 66 89 15 4 91 33 16 88 22 75 52 2 72 90 12 37 3 53 57 62 35 67 5 79 8 80 92 48 86 14 55 71 59 30 39 45 46 84 65 17 29 93 94 34 49 70 74 54 11 51 32 20 83 95 

1 2 3 5 6 8 9 10 12 13 15 17 19 20 21 22 23 24 25 26 27 28 29 30 31 32 33 34 35 36 37 38 39 40 41 42 44 45 46 47 49 50 51 52 53 54 55 56 57 7 11 58 59 60 61 64 14 62 65 66 67 68 18 69 4 70 63 48 71 72 43 16 

1 4 5 7 8 9 12 14 17 18 19 13 22 27 29 32 33 34 36 21 10 3 25 23 20 24 6 16 30 35 37 2 28 31 26 15 11 

2 3 5 4 6 7 8 11 13 14 15 16 20 21 9 17 22 23 19 10 12 24 18 1 25 

2 4 5 6 7 8 9 10 11 12 13 15 17 18 20 21 22 23 24 25 26 27 28 29 30 31 32 33 34 36 37 38 39 40 42 43 44 45 46 47 49 52 53 54 55 56 57 58 59 61 19 62 63 64 65 66 67 68 69 70 71 73 74 75 72 76 78 79 80 82 83 84 85 3 87 88 16 35 41 14 89 50 48 86 60 1 77 51 81 

